<?xml version="1.0" encoding="UTF-8"?>
<testsuite xmlns:xsi="http://www.w3.org/2001/XMLSchema-instance" xsi:noNamespaceSchemaLocation="https://maven.apache.org/surefire/maven-surefire-plugin/xsd/surefire-test-report.xsd" name="com.example.ReroadScheduleAPI.ReroadScheduleApiApplicationTests" time="1.202" tests="2" errors="0" skipped="1" failures="0">
  <properties>
[...]
</properties>
  <testcase name="test" classname="com.example.ReroadScheduleAPI.ReroadScheduleApiApplicationTests" time="0">
    <skipped message="void com.example.ReroadScheduleAPI.ReroadScheduleApiApplicationTests.test() is @Disabled"/>
    <system-out><![CDATA[09:47:13.043 [main] DEBUG org.springframework.test.context.BootstrapUtils - Instantiating CacheAwareContextLoaderDelegate from class [org.springframework.test.context.cache.DefaultCacheAwareContextLoaderDelegate]
09:47:13.053 [main] DEBUG org.springframework.test.context.BootstrapUtils - Instantiating BootstrapContext using constructor [public org.springframework.test.context.support.DefaultBootstrapContext(java.lang.Class,org.springframework.test.context.CacheAwareContextLoaderDelegate)]
09:47:13.088 [main] DEBUG org.springframework.test.context.BootstrapUtils - Instantiating TestContextBootstrapper for test class [com.example.ReroadScheduleAPI.ReroadScheduleApiApplicationTests] from class [org.springframework.boot.test.context.SpringBootTestContextBootstrapper]
09:47:13.096 [main] INFO org.springframework.boot.test.context.SpringBootTestContextBootstrapper - Neither @ContextConfiguration nor @ContextHierarchy found for test class [com.example.ReroadScheduleAPI.ReroadScheduleApiApplicationTests], using SpringBootContextLoader
09:47:13.099 [main] DEBUG org.springframework.test.context.support.AbstractContextLoader - Did not detect default resource location for test class [com.example.ReroadScheduleAPI.ReroadScheduleApiApplicationTests]: class path resource [com/example/ReroadScheduleAPI/ReroadScheduleApiApplicationTests-context.xml] does not exist
09:47:13.100 [main] DEBUG org.springframework.test.context.support.AbstractContextLoader - Did not detect default resource location for test class [com.example.ReroadScheduleAPI.ReroadScheduleApiApplicationTests]: class path resource [com/example/ReroadScheduleAPI/ReroadScheduleApiApplicationTestsContext.groovy] does not exist
09:47:13.100 [main] INFO org.springframework.test.context.support.AbstractContextLoader - Could not detect default resource locations for test class [com.example.ReroadScheduleAPI.ReroadScheduleApiApplicationTests]: no resource found for suffixes {-context.xml, Context.groovy}.
09:47:13.100 [main] INFO org.springframework.test.context.support.AnnotationConfigContextLoaderUtils - Could not detect default configuration classes for test class [com.example.ReroadScheduleAPI.ReroadScheduleApiApplicationTests]: ReroadScheduleApiApplicationTests does not declare any static, non-private, non-final, nested classes annotated with @Configuration.
09:47:13.133 [main] DEBUG org.springframework.test.context.support.ActiveProfilesUtils - Could not find an 'annotation declaring class' for annotation type [org.springframework.test.context.ActiveProfiles] and class [com.example.ReroadScheduleAPI.ReroadScheduleApiApplicationTests]
09:47:13.165 [main] DEBUG org.springframework.context.annotation.ClassPathScanningCandidateComponentProvider - Identified candidate component class: file [C:\Users\MZC\git\Reroad-ScheduleAPI\ScheduleAPI\target\test-classes\com\example\ReroadScheduleAPI\ReroadScheduleApiApplicationTests.class]
09:47:13.166 [main] INFO org.springframework.boot.test.context.SpringBootTestContextBootstrapper - Found @SpringBootConfiguration com.example.ReroadScheduleAPI.ReroadScheduleApiApplicationTests for test class com.example.ReroadScheduleAPI.ReroadScheduleApiApplicationTests
09:47:13.237 [main] DEBUG org.springframework.boot.test.context.SpringBootTestContextBootstrapper - @TestExecutionListeners is not present for class [com.example.ReroadScheduleAPI.ReroadScheduleApiApplicationTests]: using defaults.
09:47:13.237 [main] INFO org.springframework.boot.test.context.SpringBootTestContextBootstrapper - Loaded default TestExecutionListener class names from location [META-INF/spring.factories]: [org.springframework.boot.test.mock.mockito.MockitoTestExecutionListener, org.springframework.boot.test.mock.mockito.ResetMocksTestExecutionListener, org.springframework.boot.test.autoconfigure.restdocs.RestDocsTestExecutionListener, org.springframework.boot.test.autoconfigure.web.client.MockRestServiceServerResetTestExecutionListener, org.springframework.boot.test.autoconfigure.web.servlet.MockMvcPrintOnlyOnFailureTestExecutionListener, org.springframework.boot.test.autoconfigure.web.servlet.WebDriverTestExecutionListener, org.springframework.boot.test.autoconfigure.webservices.client.MockWebServiceServerTestExecutionListener, org.springframework.test.context.web.ServletTestExecutionListener, org.springframework.test.context.support.DirtiesContextBeforeModesTestExecutionListener, org.springframework.test.context.support.DependencyInjectionTestExecutionListener, org.springframework.test.context.support.DirtiesContextTestExecutionListener, org.springframework.test.context.transaction.TransactionalTestExecutionListener, org.springframework.test.context.jdbc.SqlScriptsTestExecutionListener, org.springframework.test.context.event.EventPublishingTestExecutionListener]
09:47:13.252 [main] INFO org.springframework.boot.test.context.SpringBootTestContextBootstrapper - Using TestExecutionListeners: [org.springframework.test.context.web.ServletTestExecutionListener@c2db68f, org.springframework.test.context.support.DirtiesContextBeforeModesTestExecutionListener@3cc41abc, org.springframework.boot.test.mock.mockito.MockitoTestExecutionListener@4566d049, org.springframework.boot.test.autoconfigure.SpringBootDependencyInjectionTestExecutionListener@61ce23ac, org.springframework.test.context.support.DirtiesContextTestExecutionListener@3668d4, org.springframework.test.context.transaction.TransactionalTestExecutionListener@1c3b9394, org.springframework.test.context.jdbc.SqlScriptsTestExecutionListener@6f2cfcc2, org.springframework.test.context.event.EventPublishingTestExecutionListener@7f6f61c8, org.springframework.boot.test.mock.mockito.ResetMocksTestExecutionListener@4c2cc639, org.springframework.boot.test.autoconfigure.restdocs.RestDocsTestExecutionListener@ccb4b1b, org.springframework.boot.test.autoconfigure.web.client.MockRestServiceServerResetTestExecutionListener@4097cac, org.springframework.boot.test.autoconfigure.web.servlet.MockMvcPrintOnlyOnFailureTestExecutionListener@ec2cc4, org.springframework.boot.test.autoconfigure.web.servlet.WebDriverTestExecutionListener@2a5b3fee, org.springframework.boot.test.autoconfigure.webservices.client.MockWebServiceServerTestExecutionListener@7c1e2a2d]
09:47:13.255 [main] DEBUG org.springframework.test.context.support.AbstractDirtiesContextTestExecutionListener - Before test class: context [DefaultTestContext@1a9c38eb testClass = ReroadScheduleApiApplicationTests, testInstance = [null], testMethod = [null], testException = [null], mergedContextConfiguration = [WebMergedContextConfiguration@319bc845 testClass = ReroadScheduleApiApplicationTests, locations = '{}', classes = '{class com.example.ReroadScheduleAPI.ReroadScheduleApiApplicationTests}', contextInitializerClasses = '[]', activeProfiles = '{}', propertySourceLocations = '{}', propertySourceProperties = '{org.springframework.boot.test.context.SpringBootTestContextBootstrapper=true}', contextCustomizers = set[org.springframework.boot.test.context.filter.ExcludeFilterContextCustomizer@102cec62, org.springframework.boot.test.json.DuplicateJsonObjectContextCustomizerFactory$DuplicateJsonObjectContextCustomizer@34b9f960, org.springframework.boot.test.mock.mockito.MockitoContextCustomizer@0, org.springframework.boot.test.web.client.TestRestTemplateContextCustomizer@42e25b0b, org.springframework.boot.test.web.reactive.server.WebTestClientContextCustomizer@51a9ad5e, org.springframework.boot.test.autoconfigure.actuate.metrics.MetricsExportContextCustomizerFactory$DisableMetricExportContextCustomizer@560348e6, org.springframework.boot.test.autoconfigure.properties.PropertyMappingContextCustomizer@0, org.springframework.boot.test.autoconfigure.web.servlet.WebDriverContextCustomizerFactory$Customizer@4dd6fd0a, org.springframework.boot.test.context.SpringBootTestArgs@1, org.springframework.boot.test.context.SpringBootTestWebEnvironment@f5ac9e4], resourceBasePath = 'src/main/webapp', contextLoader = 'org.springframework.boot.test.context.SpringBootContextLoader', parent = [null]], attributes = map['org.springframework.test.context.web.ServletTestExecutionListener.activateListener' -> true]], class annotated with @DirtiesContext [false] with mode [null].
09:47:13.283 [main] DEBUG org.springframework.test.context.support.TestPropertySourceUtils - Adding inlined properties to environment: {spring.jmx.enabled=false, org.springframework.boot.test.context.SpringBootTestContextBootstrapper=true}

  .   ____          _            __ _ _
 /\\ / ___'_ __ _ _(_)_ __  __ _ \ \ \ \
( ( )\___ | '_ | '_| | '_ \/ _` | \ \ \ \
 \\/  ___)| |_)| | | | | || (_| |  ) ) ) )
  '  |____| .__|_| |_|_| |_\__, | / / / /
 =========|_|==============|___/=/_/_/_/
 :: Spring Boot ::                (v2.4.0)

2022-01-17 09:47:13.549  INFO 9620 --- [           main] c.e.R.ReroadScheduleApiApplicationTests  : Starting ReroadScheduleApiApplicationTests using Java 11.0.12 on DESKTOP-3F8449F with PID 9620 (started by MZC in C:\Users\MZC\git\Reroad-ScheduleAPI\ScheduleAPI)
2022-01-17 09:47:13.552  INFO 9620 --- [           main] c.e.R.ReroadScheduleApiApplicationTests  : No active profile set, falling back to default profiles: default
2022-01-17 09:47:13.750  INFO 9620 --- [           main] c.e.R.ReroadScheduleApiApplicationTests  : Started ReroadScheduleApiApplicationTests in 0.461 seconds (JVM running for 1.166)
]]></system-out>
  </testcase>
  <testcase name="contextLoads" classname="com.example.ReroadScheduleAPI.ReroadScheduleApiApplicationTests" time="0.243"/>
</testsuite>